{
  "stats": {
    "suites": 1,
    "tests": 1,
    "passes": 1,
    "pending": 0,
    "failures": 0,
    "start": "2020-11-05T17:47:49.121Z",
    "end": "2020-11-05T17:47:57.267Z",
    "duration": 8146,
    "testsRegistered": 1,
    "passPercent": 100,
    "pendingPercent": 0,
    "other": 0,
    "hasOther": false,
    "skipped": 0,
    "hasSkipped": false
  },
  "results": [
    {
      "uuid": "a39ffe21-1d5c-4dba-9f24-3cb0264f67b8",
      "title": "",
      "fullFile": "cypress\\integration\\tests\\TEST-T1.js",
      "file": "cypress\\integration\\tests\\TEST-T1.js",
      "beforeHooks": [],
      "afterHooks": [],
      "tests": [],
      "suites": [
        {
          "uuid": "de07a729-2ff8-4c34-8ca8-af9832fd922c",
          "title": "TEST-T1",
          "fullFile": "",
          "file": "",
          "beforeHooks": [],
          "afterHooks": [],
          "tests": [
            {
              "title": "TEST-R1",
              "fullTitle": "[TEST-T1] Automation for Jira [TEST-T1]",
              "timedOut": null,
              "duration": 6338,
              "state": "passed",
              "speed": "slow",
              "pass": true,
              "fail": false,
              "pending": false,
              "context": null,
              "code": "cy.visit('https://www.google.com/');\ncy.get('#tsf > div:nth-child(2) > div.A8SBwf > div.RNNXgb > div > div.a4bIc > input').click().type('Turkish Landscape').should('have.value', 'Turkish Landscape').type('{enter}');\ncy.get('#hdtb-msb-vis > div:nth-child(2) > a').click();",
              "err": {},
              "uuid": "fea42592-6dc1-4a72-851e-3c7753e24bf4",
              "parentUUID": "de07a729-2ff8-4c34-8ca8-af9832fd922c",
              "isHook": false,
              "skipped": false
            }
          ],
          "suites": [],
          "passes": [
            "fea42592-6dc1-4a72-851e-3c7753e24bf4"
          ],
          "failures": [],
          "pending": [],
          "skipped": [],
          "duration": 6338,
          "root": false,
          "rootEmpty": false,
          "_timeout": 2000
        }
      ],
      "passes": [],
      "failures": [],
      "pending": [],
      "skipped": [],
      "duration": 0,
      "root": true,
      "rootEmpty": true,
      "_timeout": 2000
    }
  ],
  "meta": {
    "mocha": {
      "version": "7.0.1"
    },
    "mochawesome": {
      "options": {
        "quiet": false,
        "reportFilename": "mochawesome",
        "saveHtml": false,
        "saveJson": true,
        "consoleReporter": "spec",
        "useInlineDiffs": false,
        "code": true
      },
      "version": "6.2.1"
    },
    "marge": {
      "options": {
        "id": "default",
        "reportDir": "cypress/results/json",
        "overwrite": false,
        "html": false,
        "json": true
      },
      "version": "5.1.0"
    }
  }
}