{
  "stats": {
    "suites": 1,
    "tests": 1,
    "passes": 1,
    "pending": 0,
    "failures": 0,
    "start": "2020-11-11T14:43:35.549Z",
    "end": "2020-11-11T14:43:45.015Z",
    "duration": 9466,
    "testsRegistered": 1,
    "passPercent": 100,
    "pendingPercent": 0,
    "other": 0,
    "hasOther": false,
    "skipped": 0,
    "hasSkipped": false
  },
  "results": [
    {
      "uuid": "4192850e-4064-4d85-bc54-0831ebd4ef9d",
      "title": "",
      "fullFile": "cypress\\integration\\tests\\TEST-T1.js",
      "file": "cypress\\integration\\tests\\TEST-T1.js",
      "beforeHooks": [],
      "afterHooks": [],
      "tests": [],
      "suites": [
        {
          "uuid": "a2b80723-cc90-45cc-a63e-8334c17cda48",
          "title": "TEST-T1",
          "fullFile": "",
          "file": "",
          "beforeHooks": [],
          "afterHooks": [],
          "tests": [
            {
              "title": "TEST-R1",
              "fullTitle": "TEST-T1 TEST-R1",
              "timedOut": null,
              "duration": 7244,
              "state": "passed",
              "speed": "slow",
              "pass": true,
              "fail": false,
              "pending": false,
              "context": null,
              "code": "// Navigate to google\ncy.visit('https://www.google.com/'); // Click for Turkish Landscape\ncy.get('#tsf > div:nth-child(2) > div.A8SBwf > div.RNNXgb > div > div.a4bIc > input').click().type('Turkish Landscape').should('have.value', 'Turkish Landscape').type('{enter}'); // Click on images\ncy.get('#hdtb-msb-vis > div:nth-child(2) > a').should('contain', 'Images').click();",
              "err": {},
              "uuid": "11da09f9-5717-4a98-95a2-4dc71d0a99e1",
              "parentUUID": "a2b80723-cc90-45cc-a63e-8334c17cda48",
              "isHook": false,
              "skipped": false
            }
          ],
          "suites": [],
          "passes": [
            "11da09f9-5717-4a98-95a2-4dc71d0a99e1"
          ],
          "failures": [],
          "pending": [],
          "skipped": [],
          "duration": 7244,
          "root": false,
          "rootEmpty": false,
          "_timeout": 2000
        }
      ],
      "passes": [],
      "failures": [],
      "pending": [],
      "skipped": [],
      "duration": 0,
      "root": true,
      "rootEmpty": true,
      "_timeout": 2000
    }
  ],
  "meta": {
    "mocha": {
      "version": "7.0.1"
    },
    "mochawesome": {
      "options": {
        "quiet": false,
        "reportFilename": "mochawesome",
        "saveHtml": false,
        "saveJson": true,
        "consoleReporter": "spec",
        "useInlineDiffs": false,
        "code": true
      },
      "version": "6.2.1"
    },
    "marge": {
      "options": {
        "id": "default",
        "reportDir": "cypress/results/json",
        "overwrite": false,
        "html": false,
        "json": true
      },
      "version": "5.1.0"
    }
  }
}