{
  "stats": {
    "suites": 1,
    "tests": 1,
    "passes": 1,
    "pending": 0,
    "failures": 0,
    "start": "2020-11-10T15:44:13.211Z",
    "end": "2020-11-10T15:44:17.988Z",
    "duration": 4777,
    "testsRegistered": 1,
    "passPercent": 100,
    "pendingPercent": 0,
    "other": 0,
    "hasOther": false,
    "skipped": 0,
    "hasSkipped": false
  },
  "results": [
    {
      "uuid": "15e69a62-e58c-4c64-ab13-c718bb2ebb10",
      "title": "",
      "fullFile": "cypress\\integration\\tests\\TEST-T2.js",
      "file": "cypress\\integration\\tests\\TEST-T2.js",
      "beforeHooks": [],
      "afterHooks": [],
      "tests": [],
      "suites": [
        {
          "uuid": "a7f4cd39-fe6f-4cce-8f71-22dc99cab54a",
          "title": "TEST-T2",
          "fullFile": "",
          "file": "",
          "beforeHooks": [],
          "afterHooks": [],
          "tests": [
            {
              "title": "TEST-R2",
              "fullTitle": "TEST-T2 TEST-R2",
              "timedOut": null,
              "duration": 3735,
              "state": "passed",
              "speed": "slow",
              "pass": true,
              "fail": false,
              "pending": false,
              "context": null,
              "code": "// Navigate to google\ncy.visit('https://www.google.com/'); // Search for Kittens\ncy.get('#tsf > div:nth-child(2) > div.A8SBwf > div.RNNXgb > div > div.a4bIc > input').click().type('Kittens').should('have.value', 'Kittens').type('{enter}'); // Click on images\ncy.get('#hdtb-msb-vis > div:nth-child(2) > a').should('contain', 'Images').click();",
              "err": {},
              "uuid": "0d3cc7b2-da70-4f10-a4fd-6a7f98fe7a4a",
              "parentUUID": "a7f4cd39-fe6f-4cce-8f71-22dc99cab54a",
              "isHook": false,
              "skipped": false
            }
          ],
          "suites": [],
          "passes": [
            "0d3cc7b2-da70-4f10-a4fd-6a7f98fe7a4a"
          ],
          "failures": [],
          "pending": [],
          "skipped": [],
          "duration": 3735,
          "root": false,
          "rootEmpty": false,
          "_timeout": 2000
        }
      ],
      "passes": [],
      "failures": [],
      "pending": [],
      "skipped": [],
      "duration": 0,
      "root": true,
      "rootEmpty": true,
      "_timeout": 2000
    }
  ],
  "meta": {
    "mocha": {
      "version": "7.0.1"
    },
    "mochawesome": {
      "options": {
        "quiet": false,
        "reportFilename": "mochawesome",
        "saveHtml": false,
        "saveJson": true,
        "consoleReporter": "spec",
        "useInlineDiffs": false,
        "code": true
      },
      "version": "6.2.1"
    },
    "marge": {
      "options": {
        "id": "default",
        "reportDir": "cypress/results/json",
        "overwrite": false,
        "html": false,
        "json": true
      },
      "version": "5.1.0"
    }
  }
}